<?xml version="1.0" encoding="UTF-8"?>
<testng-results ignored="0" total="1" passed="1" failed="0" skipped="0">
  <reporter-output>
  </reporter-output>
  <suite started-at="2024-11-29T12:22:58 IST" name="Surefire suite" finished-at="2024-11-29T12:23:42 IST" duration-ms="44445">
    <groups>
      <group name="cucumber">
        <method signature="AbstractTestNGCucumberTests.runScenario(io.cucumber.testng.PickleWrapper,io.cucumber.testng.FeatureWrapper)[pri:0, instance:com.cucumber.Base.Runner@433d61fb]" name="runScenario" class="io.cucumber.testng.AbstractTestNGCucumberTests"/>
      </group> <!-- cucumber -->
    </groups>
    <test started-at="2024-11-29T12:22:58 IST" name="Surefire test" finished-at="2024-11-29T12:23:42 IST" duration-ms="44445">
      <class name="com.cucumber.Base.Runner">
        <test-method is-config="true" signature="setUpClass(org.testng.ITestContext)[pri:0, instance:com.cucumber.Base.Runner@433d61fb]" started-at="2024-11-29T12:22:58 IST" name="setUpClass" finished-at="2024-11-29T12:22:58 IST" duration-ms="305" status="PASS">
          <params>
            <param index="0">
              <value>
                <![CDATA[org.testng.TestRunner@acf859d]]>
              </value>
            </param>
          </params>
          <reporter-output>
          </reporter-output>
        </test-method> <!-- setUpClass -->
        <test-method signature="runScenario(io.cucumber.testng.PickleWrapper,io.cucumber.testng.FeatureWrapper)[pri:0, instance:com.cucumber.Base.Runner@433d61fb]" started-at="2024-11-29T12:22:58 IST" name="runScenario" description="Runs Cucumber Scenarios" data-provider="scenarios" finished-at="2024-11-29T12:23:36 IST" duration-ms="38105" status="PASS">
          <params>
            <param index="0">
              <value>
                <![CDATA["Verify the integration of product checkout flow"]]>
              </value>
            </param>
            <param index="1">
              <value>
                <![CDATA["Purchase a Product"]]>
              </value>
            </param>
          </params>
          <reporter-output>
          </reporter-output>
        </test-method> <!-- runScenario -->
        <test-method is-config="true" signature="tearDownClass()[pri:0, instance:com.cucumber.Base.Runner@433d61fb]" started-at="2024-11-29T12:23:36 IST" name="tearDownClass" finished-at="2024-11-29T12:23:42 IST" duration-ms="6004" status="PASS">
          <reporter-output>
          </reporter-output>
        </test-method> <!-- tearDownClass -->
      </class> <!-- com.cucumber.Base.Runner -->
    </test> <!-- Surefire test -->
  </suite> <!-- Surefire suite -->
</testng-results>
